[ERROR] C:\Users\ppacevicius\Progress\Developer (The system cannot find the file specified)
[ERROR] Group does not exist: C
